      0.0000      0.0000
      0.0317      0.0317
      0.0635      0.0634
      0.0952      0.0951
      0.1269      0.1266
      0.1587      0.1580
      0.1904      0.1892
      0.2221      0.2203
      0.2539      0.2511
      0.2856      0.2817
      0.3173      0.3120
      0.3491      0.3420
      0.3808      0.3717
      0.4125      0.4009
      0.4443      0.4298
      0.4760      0.4582
      0.5077      0.4862
      0.5394      0.5137
      0.5712      0.5406
      0.6029      0.5670
      0.6346      0.5929
      0.6664      0.6181
      0.6981      0.6428
      0.7298      0.6668
      0.7616      0.6901
      0.7933      0.7127
      0.8250      0.7346
      0.8568      0.7557
      0.8885      0.7761
      0.9202      0.7957
      0.9520      0.8146
      0.9837      0.8326
      1.0154      0.8497
      1.0472      0.8660
      1.0789      0.8814
      1.1106      0.8960
      1.1424      0.9096
      1.1741      0.9223
      1.2058      0.9341
      1.2376      0.9450
      1.2693      0.9549
      1.3010      0.9638
      1.3328      0.9718
      1.3645      0.9788
      1.3962      0.9848
      1.4280      0.9898
      1.4597      0.9938
      1.4914      0.9969
      1.5232      0.9989
      1.5549      0.9999
      1.5866      0.9999
      1.6183      0.9989
      1.6501      0.9969
      1.6818      0.9938
      1.7135      0.9898
      1.7453      0.9848
      1.7770      0.9788
      1.8087      0.9718
      1.8405      0.9639
      1.8722      0.9549
      1.9039      0.9450
      1.9357      0.9342
      1.9674      0.9224
      1.9991      0.9097
      2.0309      0.8960
      2.0626      0.8815
      2.0943      0.8661
      2.1261      0.8498
      2.1578      0.8326
      2.1895      0.8146
      2.2213      0.7958
      2.2530      0.7762
      2.2847      0.7558
      2.3165      0.7346
      2.3482      0.7127
      2.3799      0.6901
      2.4117      0.6668
      2.4434      0.6428
      2.4751      0.6182
      2.5069      0.5930
      2.5386      0.5671
      2.5703      0.5407
      2.6021      0.5137
      2.6338      0.4863
      2.6655      0.4583
      2.6972      0.4299
      2.7290      0.4010
      2.7607      0.3717
      2.7924      0.3421
      2.8242      0.3121
      2.8559      0.2818
      2.8876      0.2512
      2.9194      0.2204
      2.9511      0.1893
      2.9828      0.1581
      3.0146      0.1267
      3.0463      0.0951
      3.0780      0.0635
      3.1098      0.0318
      3.1415      0.0001
      0.0000      0.0000
      0.0317      0.0317
      0.0635      0.0634
      0.0952      0.0951
      0.1269      0.1266
      0.1587      0.1580
      0.1904      0.1892
      0.2221      0.2203
      0.2539      0.2511
      0.2856      0.2817
      0.3173      0.3120
      0.3491      0.3420
      0.3808      0.3717
      0.4125      0.4009
      0.4443      0.4298
      0.4760      0.4582
      0.5077      0.4862
      0.5394      0.5137
      0.5712      0.5406
      0.6029      0.5670
      0.6346      0.5929
      0.6664      0.6181
      0.6981      0.6428
      0.7298      0.6668
      0.7616      0.6901
      0.7933      0.7127
      0.8250      0.7346
      0.8568      0.7557
      0.8885      0.7761
      0.9202      0.7957
      0.9520      0.8146
      0.9837      0.8326
      1.0154      0.8497
      1.0472      0.8660
      1.0789      0.8814
      1.1106      0.8960
      1.1424      0.9096
      1.1741      0.9223
      1.2058      0.9341
      1.2376      0.9450
      1.2693      0.9549
      1.3010      0.9638
      1.3328      0.9718
      1.3645      0.9788
      1.3962      0.9848
      1.4280      0.9898
      1.4597      0.9938
      1.4914      0.9969
      1.5232      0.9989
      1.5549      0.9999
      1.5866      0.9999
      1.6183      0.9989
      1.6501      0.9969
      1.6818      0.9938
      1.7135      0.9898
      1.7453      0.9848
      1.7770      0.9788
      1.8087      0.9718
      1.8405      0.9639
      1.8722      0.9549
      1.9039      0.9450
      1.9357      0.9342
      1.9674      0.9224
      1.9991      0.9097
      2.0309      0.8960
      2.0626      0.8815
      2.0943      0.8661
      2.1261      0.8498
      2.1578      0.8326
      2.1895      0.8146
      2.2213      0.7958
      2.2530      0.7762
      2.2847      0.7558
      2.3165      0.7346
      2.3482      0.7127
      2.3799      0.6901
      2.4117      0.6668
      2.4434      0.6428
      2.4751      0.6182
      2.5069      0.5930
      2.5386      0.5671
      2.5703      0.5407
      2.6021      0.5137
      2.6338      0.4863
      2.6655      0.4583
      2.6972      0.4299
      2.7290      0.4010
      2.7607      0.3717
      2.7924      0.3421
      2.8242      0.3121
      2.8559      0.2818
      2.8876      0.2512
      2.9194      0.2204
      2.9511      0.1893
      2.9828      0.1581
      3.0146      0.1267
      3.0463      0.0951
      3.0780      0.0635
      3.1098      0.0318
      3.1415      0.0001
      0.0000      0.0000
      0.0317      0.0317
      0.0635      0.0634
      0.0952      0.0951
      0.1269      0.1266
      0.1587      0.1580
      0.1904      0.1892
      0.2221      0.2203
      0.2539      0.2511
      0.2856      0.2817
      0.3173      0.3120
      0.3491      0.3420
      0.3808      0.3717
      0.4125      0.4009
      0.4443      0.4298
      0.4760      0.4582
      0.5077      0.4862
      0.5394      0.5137
      0.5712      0.5406
      0.6029      0.5670
      0.6346      0.5929
      0.6664      0.6181
      0.6981      0.6428
      0.7298      0.6668
      0.7616      0.6901
      0.7933      0.7127
      0.8250      0.7346
      0.8568      0.7557
      0.8885      0.7761
      0.9202      0.7957
      0.9520      0.8146
      0.9837      0.8326
      1.0154      0.8497
      1.0472      0.8660
      1.0789      0.8814
      1.1106      0.8960
      1.1424      0.9096
      1.1741      0.9223
      1.2058      0.9341
      1.2376      0.9450
      1.2693      0.9549
      1.3010      0.9638
      1.3328      0.9718
      1.3645      0.9788
      1.3962      0.9848
      1.4280      0.9898
      1.4597      0.9938
      1.4914      0.9969
      1.5232      0.9989
      1.5549      0.9999
      1.5866      0.9999
      1.6183      0.9989
      1.6501      0.9969
      1.6818      0.9938
      1.7135      0.9898
      1.7453      0.9848
      1.7770      0.9788
      1.8087      0.9718
      1.8405      0.9639
      1.8722      0.9549
      1.9039      0.9450
      1.9357      0.9342
      1.9674      0.9224
      1.9991      0.9097
      2.0309      0.8960
      2.0626      0.8815
      2.0943      0.8661
      2.1261      0.8498
      2.1578      0.8326
      2.1895      0.8146
      2.2213      0.7958
      2.2530      0.7762
      2.2847      0.7558
      2.3165      0.7346
      2.3482      0.7127
      2.3799      0.6901
      2.4117      0.6668
      2.4434      0.6428
      2.4751      0.6182
      2.5069      0.5930
      2.5386      0.5671
      2.5703      0.5407
      2.6021      0.5137
      2.6338      0.4863
      2.6655      0.4583
      2.6972      0.4299
      2.7290      0.4010
      2.7607      0.3717
      2.7924      0.3421
      2.8242      0.3121
      2.8559      0.2818
      2.8876      0.2512
      2.9194      0.2204
      2.9511      0.1893
      2.9828      0.1581
      3.0146      0.1267
      3.0463      0.0951
      3.0780      0.0635
      3.1098      0.0318
      3.1415      0.0001
      0.0000      0.0000
      0.0317      0.0317
      0.0635      0.0634
      0.0952      0.0951
      0.1269      0.1266
      0.1587      0.1580
      0.1904      0.1892
      0.2221      0.2203
      0.2539      0.2511
      0.2856      0.2817
      0.3173      0.3120
      0.3491      0.3420
      0.3808      0.3717
      0.4125      0.4009
      0.4443      0.4298
      0.4760      0.4582
      0.5077      0.4862
      0.5394      0.5137
      0.5712      0.5406
      0.6029      0.5670
      0.6346      0.5929
      0.6664      0.6181
      0.6981      0.6428
      0.7298      0.6668
      0.7616      0.6901
      0.7933      0.7127
      0.8250      0.7346
      0.8568      0.7557
      0.8885      0.7761
      0.9202      0.7957
      0.9520      0.8146
      0.9837      0.8326
      1.0154      0.8497
      1.0472      0.8660
      1.0789      0.8814
      1.1106      0.8960
      1.1424      0.9096
      1.1741      0.9223
      1.2058      0.9341
      1.2376      0.9450
      1.2693      0.9549
      1.3010      0.9638
      1.3328      0.9718
      1.3645      0.9788
      1.3962      0.9848
      1.4280      0.9898
      1.4597      0.9938
      1.4914      0.9969
      1.5232      0.9989
      1.5549      0.9999
      1.5866      0.9999
      1.6183      0.9989
      1.6501      0.9969
      1.6818      0.9938
      1.7135      0.9898
      1.7453      0.9848
      1.7770      0.9788
      1.8087      0.9718
      1.8405      0.9639
      1.8722      0.9549
      1.9039      0.9450
      1.9357      0.9342
      1.9674      0.9224
      1.9991      0.9097
      2.0309      0.8960
      2.0626      0.8815
      2.0943      0.8661
      2.1261      0.8498
      2.1578      0.8326
      2.1895      0.8146
      2.2213      0.7958
      2.2530      0.7762
      2.2847      0.7558
      2.3165      0.7346
      2.3482      0.7127
      2.3799      0.6901
      2.4117      0.6668
      2.4434      0.6428
      2.4751      0.6182
      2.5069      0.5930
      2.5386      0.5671
      2.5703      0.5407
      2.6021      0.5137
      2.6338      0.4863
      2.6655      0.4583
      2.6972      0.4299
      2.7290      0.4010
      2.7607      0.3717
      2.7924      0.3421
      2.8242      0.3121
      2.8559      0.2818
      2.8876      0.2512
      2.9194      0.2204
      2.9511      0.1893
      2.9828      0.1581
      3.0146      0.1267
      3.0463      0.0951
      3.0780      0.0635
      3.1098      0.0318
      3.1415      0.0001
      0.0000      0.0000
      0.0317      0.0317
      0.0635      0.0634
      0.0952      0.0951
      0.1269      0.1266
      0.1587      0.1580
      0.1904      0.1892
      0.2221      0.2203
      0.2539      0.2511
      0.2856      0.2817
      0.3173      0.3120
      0.3491      0.3420
      0.3808      0.3717
      0.4125      0.4009
      0.4443      0.4298
      0.4760      0.4582
      0.5077      0.4862
      0.5394      0.5137
      0.5712      0.5406
      0.6029      0.5670
      0.6346      0.5929
      0.6664      0.6181
      0.6981      0.6428
      0.7298      0.6668
      0.7616      0.6901
      0.7933      0.7127
      0.8250      0.7346
      0.8568      0.7557
      0.8885      0.7761
      0.9202      0.7957
      0.9520      0.8146
      0.9837      0.8326
      1.0154      0.8497
      1.0472      0.8660
      1.0789      0.8814
      1.1106      0.8960
      1.1424      0.9096
      1.1741      0.9223
      1.2058      0.9341
      1.2376      0.9450
      1.2693      0.9549
      1.3010      0.9638
      1.3328      0.9718
      1.3645      0.9788
      1.3962      0.9848
      1.4280      0.9898
      1.4597      0.9938
      1.4914      0.9969
      1.5232      0.9989
      1.5549      0.9999
      1.5866      0.9999
      1.6183      0.9989
      1.6501      0.9969
      1.6818      0.9938
      1.7135      0.9898
      1.7453      0.9848
      1.7770      0.9788
      1.8087      0.9718
      1.8405      0.9639
      1.8722      0.9549
      1.9039      0.9450
      1.9357      0.9342
      1.9674      0.9224
      1.9991      0.9097
      2.0309      0.8960
      2.0626      0.8815
      2.0943      0.8661
      2.1261      0.8498
      2.1578      0.8326
      2.1895      0.8146
      2.2213      0.7958
      2.2530      0.7762
      2.2847      0.7558
      2.3165      0.7346
      2.3482      0.7127
      2.3799      0.6901
      2.4117      0.6668
      2.4434      0.6428
      2.4751      0.6182
      2.5069      0.5930
      2.5386      0.5671
      2.5703      0.5407
      2.6021      0.5137
      2.6338      0.4863
      2.6655      0.4583
      2.6972      0.4299
      2.7290      0.4010
      2.7607      0.3717
      2.7924      0.3421
      2.8242      0.3121
      2.8559      0.2818
      2.8876      0.2512
      2.9194      0.2204
      2.9511      0.1893
      2.9828      0.1581
      3.0146      0.1267
      3.0463      0.0951
      3.0780      0.0635
      3.1098      0.0318
      3.1415      0.0001
      0.0000      0.0000
      0.0317      0.0317
      0.0635      0.0634
      0.0952      0.0951
      0.1269      0.1266
      0.1587      0.1580
      0.1904      0.1892
      0.2221      0.2203
      0.2539      0.2511
      0.2856      0.2817
      0.3173      0.3120
      0.3491      0.3420
      0.3808      0.3717
      0.4125      0.4009
      0.4443      0.4298
      0.4760      0.4582
      0.5077      0.4862
      0.5394      0.5137
      0.5712      0.5406
      0.6029      0.5670
      0.6346      0.5929
      0.6664      0.6181
      0.6981      0.6428
      0.7298      0.6668
      0.7616      0.6901
      0.7933      0.7127
      0.8250      0.7346
      0.8568      0.7557
      0.8885      0.7761
      0.9202      0.7957
      0.9520      0.8146
      0.9837      0.8326
      1.0154      0.8497
      1.0472      0.8660
      1.0789      0.8814
      1.1106      0.8960
      1.1424      0.9096
      1.1741      0.9223
      1.2058      0.9341
      1.2376      0.9450
      1.2693      0.9549
      1.3010      0.9638
      1.3328      0.9718
      1.3645      0.9788
      1.3962      0.9848
      1.4280      0.9898
      1.4597      0.9938
      1.4914      0.9969
      1.5232      0.9989
      1.5549      0.9999
      1.5866      0.9999
      1.6183      0.9989
      1.6501      0.9969
      1.6818      0.9938
      1.7135      0.9898
      1.7453      0.9848
      1.7770      0.9788
      1.8087      0.9718
      1.8405      0.9639
      1.8722      0.9549
      1.9039      0.9450
      1.9357      0.9342
      1.9674      0.9224
      1.9991      0.9097
      2.0309      0.8960
      2.0626      0.8815
      2.0943      0.8661
      2.1261      0.8498
      2.1578      0.8326
      2.1895      0.8146
      2.2213      0.7958
      2.2530      0.7762
      2.2847      0.7558
      2.3165      0.7346
      2.3482      0.7127
      2.3799      0.6901
      2.4117      0.6668
      2.4434      0.6428
      2.4751      0.6182
      2.5069      0.5930
      2.5386      0.5671
      2.5703      0.5407
      2.6021      0.5137
      2.6338      0.4863
      2.6655      0.4583
      2.6972      0.4299
      2.7290      0.4010
      2.7607      0.3717
      2.7924      0.3421
      2.8242      0.3121
      2.8559      0.2818
      2.8876      0.2512
      2.9194      0.2204
      2.9511      0.1893
      2.9828      0.1581
      3.0146      0.1267
      3.0463      0.0951
      3.0780      0.0635
      3.1098      0.0318
      3.1415      0.0001
      0.0000      0.0000
      0.0317      0.0317
      0.0635      0.0634
      0.0952      0.0951
      0.1269      0.1266
      0.1587      0.1580
      0.1904      0.1892
      0.2221      0.2203
      0.2539      0.2511
      0.2856      0.2817
      0.3173      0.3120
      0.3491      0.3420
      0.3808      0.3717
      0.4125      0.4009
      0.4443      0.4298
      0.4760      0.4582
      0.5077      0.4862
      0.5394      0.5137
      0.5712      0.5406
      0.6029      0.5670
      0.6346      0.5929
      0.6664      0.6181
      0.6981      0.6428
      0.7298      0.6668
      0.7616      0.6901
      0.7933      0.7127
      0.8250      0.7346
      0.8568      0.7557
      0.8885      0.7761
      0.9202      0.7957
      0.9520      0.8146
      0.9837      0.8326
      1.0154      0.8497
      1.0472      0.8660
      1.0789      0.8814
      1.1106      0.8960
      1.1424      0.9096
      1.1741      0.9223
      1.2058      0.9341
      1.2376      0.9450
      1.2693      0.9549
      1.3010      0.9638
      1.3328      0.9718
      1.3645      0.9788
      1.3962      0.9848
      1.4280      0.9898
      1.4597      0.9938
      1.4914      0.9969
      1.5232      0.9989
      1.5549      0.9999
      1.5866      0.9999
      1.6183      0.9989
      1.6501      0.9969
      1.6818      0.9938
      1.7135      0.9898
      1.7453      0.9848
      1.7770      0.9788
      1.8087      0.9718
      1.8405      0.9639
      1.8722      0.9549
      1.9039      0.9450
      1.9357      0.9342
      1.9674      0.9224
      1.9991      0.9097
      2.0309      0.8960
      2.0626      0.8815
      2.0943      0.8661
      2.1261      0.8498
      2.1578      0.8326
      2.1895      0.8146
      2.2213      0.7958
      2.2530      0.7762
      2.2847      0.7558
      2.3165      0.7346
      2.3482      0.7127
      2.3799      0.6901
      2.4117      0.6668
      2.4434      0.6428
      2.4751      0.6182
      2.5069      0.5930
      2.5386      0.5671
      2.5703      0.5407
      2.6021      0.5137
      2.6338      0.4863
      2.6655      0.4583
      2.6972      0.4299
      2.7290      0.4010
      2.7607      0.3717
      2.7924      0.3421
      2.8242      0.3121
      2.8559      0.2818
      2.8876      0.2512
      2.9194      0.2204
      2.9511      0.1893
      2.9828      0.1581
      3.0146      0.1267
      3.0463      0.0951
      3.0780      0.0635
      3.1098      0.0318
      3.1415      0.0001
      0.0000      0.0000
      0.0317      0.0317
      0.0635      0.0634
      0.0952      0.0951
      0.1269      0.1266
      0.1587      0.1580
      0.1904      0.1892
      0.2221      0.2203
      0.2539      0.2511
      0.2856      0.2817
      0.3173      0.3120
      0.3491      0.3420
      0.3808      0.3717
      0.4125      0.4009
      0.4443      0.4298
      0.4760      0.4582
      0.5077      0.4862
      0.5394      0.5137
      0.5712      0.5406
      0.6029      0.5670
      0.6346      0.5929
      0.6664      0.6181
      0.6981      0.6428
      0.7298      0.6668
      0.7616      0.6901
      0.7933      0.7127
      0.8250      0.7346
      0.8568      0.7557
      0.8885      0.7761
      0.9202      0.7957
      0.9520      0.8146
      0.9837      0.8326
      1.0154      0.8497
      1.0472      0.8660
      1.0789      0.8814
      1.1106      0.8960
      1.1424      0.9096
      1.1741      0.9223
      1.2058      0.9341
      1.2376      0.9450
      1.2693      0.9549
      1.3010      0.9638
      1.3328      0.9718
      1.3645      0.9788
      1.3962      0.9848
      1.4280      0.9898
      1.4597      0.9938
      1.4914      0.9969
      1.5232      0.9989
      1.5549      0.9999
      1.5866      0.9999
      1.6183      0.9989
      1.6501      0.9969
      1.6818      0.9938
      1.7135      0.9898
      1.7453      0.9848
      1.7770      0.9788
      1.8087      0.9718
      1.8405      0.9639
      1.8722      0.9549
      1.9039      0.9450
      1.9357      0.9342
      1.9674      0.9224
      1.9991      0.9097
      2.0309      0.8960
      2.0626      0.8815
      2.0943      0.8661
      2.1261      0.8498
      2.1578      0.8326
      2.1895      0.8146
      2.2213      0.7958
      2.2530      0.7762
      2.2847      0.7558
      2.3165      0.7346
      2.3482      0.7127
      2.3799      0.6901
      2.4117      0.6668
      2.4434      0.6428
      2.4751      0.6182
      2.5069      0.5930
      2.5386      0.5671
      2.5703      0.5407
      2.6021      0.5137
      2.6338      0.4863
      2.6655      0.4583
      2.6972      0.4299
      2.7290      0.4010
      2.7607      0.3717
      2.7924      0.3421
      2.8242      0.3121
      2.8559      0.2818
      2.8876      0.2512
      2.9194      0.2204
      2.9511      0.1893
      2.9828      0.1581
      3.0146      0.1267
      3.0463      0.0951
      3.0780      0.0635
      3.1098      0.0318
      3.1415      0.0001
      0.0000      0.0000
      0.0317      0.0317
      0.0635      0.0634
      0.0952      0.0951
      0.1269      0.1266
      0.1587      0.1580
      0.1904      0.1892
      0.2221      0.2203
      0.2539      0.2511
      0.2856      0.2817
      0.3173      0.3120
      0.3491      0.3420
      0.3808      0.3717
      0.4125      0.4009
      0.4443      0.4298
      0.4760      0.4582
      0.5077      0.4862
      0.5394      0.5137
      0.5712      0.5406
      0.6029      0.5670
      0.6346      0.5929
      0.6664      0.6181
      0.6981      0.6428
      0.7298      0.6668
      0.7616      0.6901
      0.7933      0.7127
      0.8250      0.7346
      0.8568      0.7557
      0.8885      0.7761
      0.9202      0.7957
      0.9520      0.8146
      0.9837      0.8326
      1.0154      0.8497
      1.0472      0.8660
      1.0789      0.8814
      1.1106      0.8960
      1.1424      0.9096
      1.1741      0.9223
      1.2058      0.9341
      1.2376      0.9450
      1.2693      0.9549
      1.3010      0.9638
      1.3328      0.9718
      1.3645      0.9788
      1.3962      0.9848
      1.4280      0.9898
      1.4597      0.9938
      1.4914      0.9969
      1.5232      0.9989
      1.5549      0.9999
      1.5866      0.9999
      1.6183      0.9989
      1.6501      0.9969
      1.6818      0.9938
      1.7135      0.9898
      1.7453      0.9848
      1.7770      0.9788
      1.8087      0.9718
      1.8405      0.9639
      1.8722      0.9549
      1.9039      0.9450
      1.9357      0.9342
      1.9674      0.9224
      1.9991      0.9097
      2.0309      0.8960
      2.0626      0.8815
      2.0943      0.8661
      2.1261      0.8498
      2.1578      0.8326
      2.1895      0.8146
      2.2213      0.7958
      2.2530      0.7762
      2.2847      0.7558
      2.3165      0.7346
      2.3482      0.7127
      2.3799      0.6901
      2.4117      0.6668
      2.4434      0.6428
      2.4751      0.6182
      2.5069      0.5930
      2.5386      0.5671
      2.5703      0.5407
      2.6021      0.5137
      2.6338      0.4863
      2.6655      0.4583
      2.6972      0.4299
      2.7290      0.4010
      2.7607      0.3717
      2.7924      0.3421
      2.8242      0.3121
      2.8559      0.2818
      2.8876      0.2512
      2.9194      0.2204
      2.9511      0.1893
      2.9828      0.1581
      3.0146      0.1267
      3.0463      0.0951
      3.0780      0.0635
      3.1098      0.0318
      3.1415      0.0001
      0.0000      0.0000
      0.0317      0.0317
      0.0635      0.0634
      0.0952      0.0951
      0.1269      0.1266
      0.1587      0.1580
      0.1904      0.1892
      0.2221      0.2203
      0.2539      0.2511
      0.2856      0.2817
      0.3173      0.3120
      0.3491      0.3420
      0.3808      0.3717
      0.4125      0.4009
      0.4443      0.4298
      0.4760      0.4582
      0.5077      0.4862
      0.5394      0.5137
      0.5712      0.5406
      0.6029      0.5670
      0.6346      0.5929
      0.6664      0.6181
      0.6981      0.6428
      0.7298      0.6668
      0.7616      0.6901
      0.7933      0.7127
      0.8250      0.7346
      0.8568      0.7557
      0.8885      0.7761
      0.9202      0.7957
      0.9520      0.8146
      0.9837      0.8326
      1.0154      0.8497
      1.0472      0.8660
      1.0789      0.8814
      1.1106      0.8960
      1.1424      0.9096
      1.1741      0.9223
      1.2058      0.9341
      1.2376      0.9450
      1.2693      0.9549
      1.3010      0.9638
      1.3328      0.9718
      1.3645      0.9788
      1.3962      0.9848
      1.4280      0.9898
      1.4597      0.9938
      1.4914      0.9969
      1.5232      0.9989
      1.5549      0.9999
      1.5866      0.9999
      1.6183      0.9989
      1.6501      0.9969
      1.6818      0.9938
      1.7135      0.9898
      1.7453      0.9848
      1.7770      0.9788
      1.8087      0.9718
      1.8405      0.9639
      1.8722      0.9549
      1.9039      0.9450
      1.9357      0.9342
      1.9674      0.9224
      1.9991      0.9097
      2.0309      0.8960
      2.0626      0.8815
      2.0943      0.8661
      2.1261      0.8498
      2.1578      0.8326
      2.1895      0.8146
      2.2213      0.7958
      2.2530      0.7762
      2.2847      0.7558
      2.3165      0.7346
      2.3482      0.7127
      2.3799      0.6901
      2.4117      0.6668
      2.4434      0.6428
      2.4751      0.6182
      2.5069      0.5930
      2.5386      0.5671
      2.5703      0.5407
      2.6021      0.5137
      2.6338      0.4863
      2.6655      0.4583
      2.6972      0.4299
      2.7290      0.4010
      2.7607      0.3717
      2.7924      0.3421
      2.8242      0.3121
      2.8559      0.2818
      2.8876      0.2512
      2.9194      0.2204
      2.9511      0.1893
      2.9828      0.1581
      3.0146      0.1267
      3.0463      0.0951
      3.0780      0.0635
      3.1098      0.0318
      3.1415      0.0001
